gradleBuild/outputs/logs/manifest-merger-debug-report.txt
-- Merging decision tree log ---
manifest
ADDED from Desktop\android\AndroidManifest.xml:18:1-52:12
MERGED from [org.tensorflow:tensorflow-android:1.9.0-rc2] AndroidManifest.xml:2:1-8:12
	package
		ADDED from Desktop\android\AndroidManifest.xml:19:5-34
	xmlns:android
		ADDED from Desktop\android\AndroidManifest.xml:18:11-69
uses-permission#android.permission.CAMERA
ADDED from Desktop\android\AndroidManifest.xml:21:5-65
	android:name
		ADDED from Desktop\android\AndroidManifest.xml:21:22-62
uses-feature#android.hardware.camera
ADDED from Desktop\android\AndroidManifest.xml:22:5-60
	android:name
		ADDED from Desktop\android\AndroidManifest.xml:22:19-57
uses-feature#android.hardware.camera.autofocus
ADDED from Desktop\android\AndroidManifest.xml:23:5-70
	android:name
		ADDED from Desktop\android\AndroidManifest.xml:23:19-67
uses-permission#android.permission.WRITE_EXTERNAL_STORAGE
ADDED from Desktop\android\AndroidManifest.xml:24:5-80
	android:name
		ADDED from Desktop\android\AndroidManifest.xml:24:22-78
uses-permission#android.permission.RECORD_AUDIO
ADDED from Desktop\android\AndroidManifest.xml:25:5-71
	android:name
		ADDED from Desktop\android\AndroidManifest.xml:25:22-68
uses-sdk
ADDED from Desktop\android\AndroidManifest.xml:27:5-29:41
	android:targetSdkVersion
		ADDED from Desktop\android\AndroidManifest.xml:29:9-38
	android:minSdkVersion
		ADDED from Desktop\android\AndroidManifest.xml:28:9-35
application
ADDED from Desktop\android\AndroidManifest.xml:31:5-50:19
MERGED from [org.tensorflow:tensorflow-android:1.9.0-rc2] AndroidManifest.xml:5:5-6:19
MERGED from [org.tensorflow:tensorflow-android:1.9.0-rc2] AndroidManifest.xml:5:5-6:19
	android:label
		ADDED from Desktop\android\AndroidManifest.xml:33:9-41
	android:debuggable
		ADDED from Desktop\android\AndroidManifest.xml:32:9-34
	android:icon
		ADDED from Desktop\android\AndroidManifest.xml:34:9-45
	android:allowBackup
		ADDED from Desktop\android\AndroidManifest.xml:31:18-44
	android:theme
		ADDED from Desktop\android\AndroidManifest.xml:35:9-45
activity#org.tensorflow.demo.DetectorActivity
ADDED from Desktop\android\AndroidManifest.xml:39:9-47:20
	android:screenOrientation
		ADDED from Desktop\android\AndroidManifest.xml:40:19-55
	android:label
		ADDED from Desktop\android\AndroidManifest.xml:41:19-66
	android:name
		ADDED from Desktop\android\AndroidManifest.xml:39:19-70
intent-filter#action:name:android.intent.action.MAIN+category:name:android.intent.category.LAUNCHER+category:name:android.intent.category.LEANBACK_LAUNCHER
ADDED from Desktop\android\AndroidManifest.xml:42:13-46:29
action#android.intent.action.MAIN
ADDED from Desktop\android\AndroidManifest.xml:43:17-69
	android:name
		ADDED from Desktop\android\AndroidManifest.xml:43:25-66
category#android.intent.category.LAUNCHER
ADDED from Desktop\android\AndroidManifest.xml:44:17-77
	android:name
		ADDED from Desktop\android\AndroidManifest.xml:44:27-74
category#android.intent.category.LEANBACK_LAUNCHER
ADDED from Desktop\android\AndroidManifest.xml:45:17-86
	android:name
		ADDED from Desktop\android\AndroidManifest.xml:45:27-83
uses-permission#android.permission.READ_PHONE_STATE
IMPLIED from Desktop\android\AndroidManifest.xml:18:1-52:12 reason: tensorflow.contrib.android has a targetSdkVersion < 4
uses-permission#android.permission.READ_EXTERNAL_STORAGE
IMPLIED from Desktop\android\AndroidManifest.xml:18:1-52:12 reason: tensorflow.contrib.android requested WRITE_EXTERNAL_STORAGE